Loading params...
Loading test data...
Loaded 1000 episodes — 292 failures, 708 successes

Computing scores...
  Episode 0/1000 — T=51, score range: [47.31, 157.37]
  Episode 100/1000 — T=49, score range: [36.04, 117.55]
  Episode 200/1000 — T=43, score range: [39.63, 150.19]
  Episode 300/1000 — T=51, score range: [35.96, 180.70]
  Episode 400/1000 — T=53, score range: [42.89, 130.72]
  Episode 500/1000 — T=104, score range: [35.92, 135.32]
  Episode 600/1000 — T=91, score range: [44.49, 181.49]
  Episode 700/1000 — T=64, score range: [40.39, 120.03]
  Episode 800/1000 — T=104, score range: [49.63, 117.83]
  Episode 900/1000 — T=104, score range: [57.40, 423.11]
Scores saved.

Sanity check:
  Mean score — success: 68.5245
  Mean score — failure: 79.2970
  Failure > success: True

Computing cumulative max rolling AUROC and AUPRC...
Max episode length: 104
  t=   0: auroc=0.7653, auprc=0.5876, n_episodes=1000, n_fail=292
  t=  10: auroc=0.6329, auprc=0.3906, n_episodes=1000, n_fail=292
  t=  20: auroc=0.6216, auprc=0.3826, n_episodes=1000, n_fail=292
  t=  30: auroc=0.6061, auprc=0.3810, n_episodes=1000, n_fail=292
  t=  40: auroc=0.5837, auprc=0.3631, n_episodes=1000, n_fail=292
  t=  50: auroc=0.6210, auprc=0.3976, n_episodes=1000, n_fail=292
  t=  60: auroc=0.6443, auprc=0.4121, n_episodes=1000, n_fail=292
  t=  70: auroc=0.6603, auprc=0.4321, n_episodes=1000, n_fail=292
  t=  80: auroc=0.6670, auprc=0.4408, n_episodes=1000, n_fail=292
  t=  90: auroc=0.6739, auprc=0.4515, n_episodes=1000, n_fail=292
  t= 100: auroc=0.6870, auprc=0.4679, n_episodes=1000, n_fail=292

AUROC summary:
  Timesteps evaluated: 104
  Peak AUROC:          0.7653 at t=0
  Mean AUROC:          0.6461
  AUROC at t=0:        0.7653
  AUROC at t=39:       0.5880
  Is monotonic:        False

AUPRC summary:
  Peak AUPRC:          0.5876 at t=0
  Mean AUPRC:          0.4197
  AUPRC at t=0:        0.5876
  AUPRC at t=39:       0.3664
  Baseline AUPRC:      0.2920 (random)

Saved to /home/as4643/scratch_pi_tkf6/as4643/policy_records_pi05_liberoplus_20260524_163155_logpZO_data/logpZO_auroc_aurpc.csv
