Loading data...
Train success: 2100 episodes
Val:  450 episodes
Test: 450 episodes

==================================================
Processing setting1_full
==================================================
Computing scores for CP band calibration (2100 episodes)...
Cal scores — mean: 51.63, std: 21.33, max: 527.82
Building CP band...
  CP band: n1=1050, n2=1050, h=15552.5310
  scal_t mean: 0.009615
  mu_t mean: 55.4506, mu_t range: [40.1904, 60.3379]
  Band mean: 204.9942, Band range: [189.7340, 209.8815]
Scoring val (450 episodes)...
Scoring test (450 episodes)...

  val: 450 episodes, 269 failures
  Sanity — success: 51.8311, failure: 56.2368, correct: True
  CP band detection:
    TPR:              0.0743
    TNR:              0.8950
    Balanced acc:     0.4847
    Weighted acc:     0.5649
    Precision:        0.5128
    Recall:           0.0743
    F1:               0.1299
    Mean detect time: 39.08
  Rolling AUROC:
    Peak AUROC:        0.6866 at t=0
    Mean AUROC t=0-39: 0.5419
    Is monotonic:      False
  Saved: /nfs/roberts/scratch/pi_tkf6/as4643/logpZO_combined_3000/results_2100_v2/logpZO_cp_setting1_full_val.csv

  test: 450 episodes, 268 failures
  Sanity — success: 52.7222, failure: 55.6740, correct: True
  CP band detection:
    TPR:              0.0970
    TNR:              0.9066
    Balanced acc:     0.5018
    Weighted acc:     0.5792
    Precision:        0.6047
    Recall:           0.0970
    F1:               0.1672
    Mean detect time: 41.44
  Rolling AUROC:
    Peak AUROC:        0.7023 at t=0
    Mean AUROC t=0-39: 0.4977
    Is monotonic:      False
  Saved: /nfs/roberts/scratch/pi_tkf6/as4643/logpZO_combined_3000/results_2100_v2/logpZO_cp_setting1_full_test.csv

==================================================
Processing setting2_matched
==================================================
Computing scores for CP band calibration (1050 episodes)...
Cal scores — mean: 63.95, std: 28.24, max: 1432.43
Building CP band...
  CP band: n1=525, n2=525, h=18287.8901
  scal_t mean: 0.009709
  mu_t mean: 68.8051, mu_t range: [50.2043, 75.0341]
  Band mean: 246.3575, Band range: [227.7567, 252.5865]
Scoring val (450 episodes)...
Scoring test (450 episodes)...

  val: 450 episodes, 269 failures
  Sanity — success: 64.4044, failure: 73.0543, correct: True
  CP band detection:
    TPR:              0.1041
    TNR:              0.9061
    Balanced acc:     0.5051
    Weighted acc:     0.5835
    Precision:        0.6222
    Recall:           0.1041
    F1:               0.1783
    Mean detect time: 41.04
  Rolling AUROC:
    Peak AUROC:        0.7020 at t=0
    Mean AUROC t=0-39: 0.5664
    Is monotonic:      False
  Saved: /nfs/roberts/scratch/pi_tkf6/as4643/logpZO_combined_3000/results_2100_v2/logpZO_cp_setting2_matched_val.csv

  test: 450 episodes, 268 failures
  Sanity — success: 65.7686, failure: 72.4838, correct: True
  CP band detection:
    TPR:              0.1231
    TNR:              0.8901
    Balanced acc:     0.5066
    Weighted acc:     0.5799
    Precision:        0.6226
    Recall:           0.1231
    F1:               0.2056
    Mean detect time: 45.06
  Rolling AUROC:
    Peak AUROC:        0.6993 at t=0
    Mean AUROC t=0-39: 0.5238
    Is monotonic:      False
  Saved: /nfs/roberts/scratch/pi_tkf6/as4643/logpZO_combined_3000/results_2100_v2/logpZO_cp_setting2_matched_test.csv

Combined saved to /nfs/roberts/scratch/pi_tkf6/as4643/logpZO_combined_3000/results_2100_v2/logpZO_cp_all.csv

All done.
